[DEBUG 18:51:57] Starting Git service test
[DEBUG 18:51:57] Testing Git service in: /Users/mikkopaalasmaa/Sites/dev-manager
[DEBUG 18:51:57] Valid Git repository found at: /Users/mikkopaalasmaa/Sites/dev-manager
[DEBUG 18:51:57] Is Git repository: True
[DEBUG 18:51:57] Current branch: master
[DEBUG 18:51:57] Git status found 0 staged, 2 modified, 2 untracked files
[DEBUG 18:51:57] Git status: {'modified': ['utils/__pycache__/debug.cpython-311.pyc', 'utils/debug.py'], 'staged': [], 'untracked': ['logs/', 'test_git.py']}
[DEBUG 18:51:57] Branches: {'current': 'master', 'local': ['master'], 'remote': []}
[DEBUG 18:51:57] Recent commits:
9fe46d5 7 minutes ago: Initial commit
[DEBUG 18:51:57] Git service test complete
[DEBUG 18:53:13] Starting application
[DEBUG 18:53:13] Valid Git repository found at: /Users/mikkopaalasmaa/Sites/dev-manager
[DEBUG 18:53:13] Current directory is Git repository: True
[DEBUG 18:53:13] Current branch: master
[DEBUG 18:53:13] Git status found 0 staged, 8 modified, 2 untracked files
[DEBUG 18:53:13] Git status: {'modified': ['__pycache__/app.cpython-311.pyc', '__pycache__/main.cpython-311.pyc', 'app.py', 'main.py', 'utils/__pycache__/debug.cpython-311.pyc', 'utils/debug.py', 'views/__pycache__/git_panel.cpython-311.pyc', 'views/git_panel.py'], 'staged': [], 'untracked': ['logs/', 'test_git.py']}
[DEBUG 18:53:13] Initializing services
[DEBUG 18:53:13] Loaded 6 projects from cache
[DEBUG 18:53:13] Testing Git service in app initialization
[DEBUG 18:53:13] Creating UI
[DEBUG 18:53:13] Creating project panel
[DEBUG 18:53:13] Project dropdown styleSheet: 
[DEBUG 18:53:13] Creating docker panel
[DEBUG 18:53:13] UI creation complete
[DEBUG 18:53:13] Application initialized
[DEBUG 18:53:54] Starting application
[DEBUG 18:53:54] Valid Git repository found at: /Users/mikkopaalasmaa/Sites/dev-manager
[DEBUG 18:53:54] Current directory is Git repository: True
[DEBUG 18:53:54] Current branch: master
[DEBUG 18:53:54] Git status found 0 staged, 12 modified, 2 untracked files
[DEBUG 18:53:54] Git status: {'modified': ['__pycache__/app.cpython-311.pyc', '__pycache__/main.cpython-311.pyc', 'app.py', 'main.py', 'models/__pycache__/project.cpython-311.pyc', 'models/project.py', 'services/__pycache__/project_service.cpython-311.pyc', 'services/project_service.py', 'utils/__pycache__/debug.cpython-311.pyc', 'utils/debug.py', 'views/__pycache__/git_panel.cpython-311.pyc', 'views/git_panel.py'], 'staged': [], 'untracked': ['logs/', 'test_git.py']}
[DEBUG 18:53:54] Initializing services
[DEBUG 18:53:54] Added project from cache: project-one at /Users/mikkopaalasmaa/Sites/Two-projects/project-one
[DEBUG 18:53:54] Added project from cache: dev-manager at /Users/mikkopaalasmaa/Sites/dev-manager
[DEBUG 18:53:54] Added project from cache: template-2 at /Users/mikkopaalasmaa/Sites/AI-React-Templates/template-2
[DEBUG 18:53:54] Added project from cache: test-project at /Users/mikkopaalasmaa/Sites/test-project
[DEBUG 18:53:54] Added project from cache: test-project at /Users/mikkopaalasmaa/Sites/dev-support/dev-support/test-project
[DEBUG 18:53:54] Added project from cache: test-project at /Users/mikkopaalasmaa/Sites/dev-support02/test-project
[DEBUG 18:53:54] Loaded 6 projects from cache
[DEBUG 18:53:54] Current directory: /Users/mikkopaalasmaa/Sites/dev-manager
[DEBUG 18:53:54] Found current project in cache: dev-manager
[DEBUG 18:53:54] Project.load_git_info called for dev-manager at /Users/mikkopaalasmaa/Sites/dev-manager
[DEBUG 18:53:54] Valid Git repository found at: /Users/mikkopaalasmaa/Sites/dev-manager
[DEBUG 18:53:54] Project.load_git_info: is_git_repo = True
[DEBUG 18:53:54] Project.load_git_info: current_branch = master
[DEBUG 18:53:54] Git status found 0 staged, 12 modified, 2 untracked files
[DEBUG 18:53:54] Project.load_git_info: git_status = {'modified': ['__pycache__/app.cpython-311.pyc', '__pycache__/main.cpython-311.pyc', 'app.py', 'main.py', 'models/__pycache__/project.cpython-311.pyc', 'models/project.py', 'services/__pycache__/project_service.cpython-311.pyc', 'services/project_service.py', 'utils/__pycache__/debug.cpython-311.pyc', 'utils/debug.py', 'views/__pycache__/git_panel.cpython-311.pyc', 'views/git_panel.py'], 'staged': [], 'untracked': ['logs/', 'test_git.py']}
[DEBUG 18:53:54] Current project is Git repo: True
[DEBUG 18:53:54] Testing Git service in app initialization
[DEBUG 18:53:54] Creating UI
[DEBUG 18:53:54] Creating project panel
[DEBUG 18:53:54] Project dropdown styleSheet: 
[DEBUG 18:53:54] Creating docker panel
[DEBUG 18:53:54] UI creation complete
[DEBUG 18:53:54] Application initialized
[DEBUG 18:54:24] Starting application
[DEBUG 18:54:24] Valid Git repository found at: /Users/mikkopaalasmaa/Sites/dev-manager
[DEBUG 18:54:24] Current directory is Git repository: True
[DEBUG 18:54:24] Current branch: master
[DEBUG 18:54:24] Git status found 0 staged, 14 modified, 2 untracked files
[DEBUG 18:54:24] Git status: {'modified': ['__pycache__/app.cpython-311.pyc', '__pycache__/main.cpython-311.pyc', 'app.py', 'main.py', 'models/__pycache__/project.cpython-311.pyc', 'models/project.py', 'services/__pycache__/project_service.cpython-311.pyc', 'services/project_service.py', 'utils/__pycache__/debug.cpython-311.pyc', 'utils/debug.py', 'views/__pycache__/git_panel.cpython-311.pyc', 'views/__pycache__/project_panel.cpython-311.pyc', 'views/git_panel.py', 'views/project_panel.py'], 'staged': [], 'untracked': ['logs/', 'test_git.py']}
[DEBUG 18:54:24] Initializing services
[DEBUG 18:54:24] Added project from cache: project-one at /Users/mikkopaalasmaa/Sites/Two-projects/project-one
[DEBUG 18:54:24] Added project from cache: dev-manager at /Users/mikkopaalasmaa/Sites/dev-manager
[DEBUG 18:54:24] Added project from cache: template-2 at /Users/mikkopaalasmaa/Sites/AI-React-Templates/template-2
[DEBUG 18:54:24] Added project from cache: test-project at /Users/mikkopaalasmaa/Sites/test-project
[DEBUG 18:54:24] Added project from cache: test-project at /Users/mikkopaalasmaa/Sites/dev-support/dev-support/test-project
[DEBUG 18:54:24] Added project from cache: test-project at /Users/mikkopaalasmaa/Sites/dev-support02/test-project
[DEBUG 18:54:24] Loaded 6 projects from cache
[DEBUG 18:54:24] Current directory: /Users/mikkopaalasmaa/Sites/dev-manager
[DEBUG 18:54:24] Found current project in cache: dev-manager
[DEBUG 18:54:24] Project.load_git_info called for dev-manager at /Users/mikkopaalasmaa/Sites/dev-manager
[DEBUG 18:54:24] Valid Git repository found at: /Users/mikkopaalasmaa/Sites/dev-manager
[DEBUG 18:54:24] Project.load_git_info: is_git_repo = True
[DEBUG 18:54:24] Project.load_git_info: current_branch = master
[DEBUG 18:54:24] Git status found 0 staged, 14 modified, 2 untracked files
[DEBUG 18:54:24] Project.load_git_info: git_status = {'modified': ['__pycache__/app.cpython-311.pyc', '__pycache__/main.cpython-311.pyc', 'app.py', 'main.py', 'models/__pycache__/project.cpython-311.pyc', 'models/project.py', 'services/__pycache__/project_service.cpython-311.pyc', 'services/project_service.py', 'utils/__pycache__/debug.cpython-311.pyc', 'utils/debug.py', 'views/__pycache__/git_panel.cpython-311.pyc', 'views/__pycache__/project_panel.cpython-311.pyc', 'views/git_panel.py', 'views/project_panel.py'], 'staged': [], 'untracked': ['logs/', 'test_git.py']}
[DEBUG 18:54:24] Current project is Git repo: True
[DEBUG 18:54:24] Testing Git service in app initialization
[DEBUG 18:54:24] Creating UI
[DEBUG 18:54:24] Creating project panel
[DEBUG 18:54:24] Project dropdown styleSheet: 
[DEBUG 18:54:24] Creating docker panel
[DEBUG 18:54:24] UI creation complete
[DEBUG 18:54:24] Application initialized
[DEBUG 18:55:04] Starting application
[DEBUG 18:55:04] Valid Git repository found at: /Users/mikkopaalasmaa/Sites/dev-manager
[DEBUG 18:55:04] Current directory is Git repository: True
[DEBUG 18:55:04] Current branch: master
[DEBUG 18:55:04] Git status found 0 staged, 14 modified, 2 untracked files
[DEBUG 18:55:04] Git status: {'modified': ['__pycache__/app.cpython-311.pyc', '__pycache__/main.cpython-311.pyc', 'app.py', 'main.py', 'models/__pycache__/project.cpython-311.pyc', 'models/project.py', 'services/__pycache__/project_service.cpython-311.pyc', 'services/project_service.py', 'utils/__pycache__/debug.cpython-311.pyc', 'utils/debug.py', 'views/__pycache__/git_panel.cpython-311.pyc', 'views/__pycache__/project_panel.cpython-311.pyc', 'views/git_panel.py', 'views/project_panel.py'], 'staged': [], 'untracked': ['logs/', 'test_git.py']}
[DEBUG 18:55:04] Initializing services
[DEBUG 18:55:04] Added project from cache: project-one at /Users/mikkopaalasmaa/Sites/Two-projects/project-one
[DEBUG 18:55:04] Added project from cache: dev-manager at /Users/mikkopaalasmaa/Sites/dev-manager
[DEBUG 18:55:04] Added project from cache: template-2 at /Users/mikkopaalasmaa/Sites/AI-React-Templates/template-2
[DEBUG 18:55:04] Added project from cache: test-project at /Users/mikkopaalasmaa/Sites/test-project
[DEBUG 18:55:04] Added project from cache: test-project at /Users/mikkopaalasmaa/Sites/dev-support/dev-support/test-project
[DEBUG 18:55:04] Added project from cache: test-project at /Users/mikkopaalasmaa/Sites/dev-support02/test-project
[DEBUG 18:55:04] Loaded 6 projects from cache
[DEBUG 18:55:04] Current directory: /Users/mikkopaalasmaa/Sites/dev-manager
[DEBUG 18:55:04] Found current project in cache: dev-manager
[DEBUG 18:55:04] Project.load_git_info called for dev-manager at /Users/mikkopaalasmaa/Sites/dev-manager
[DEBUG 18:55:04] Valid Git repository found at: /Users/mikkopaalasmaa/Sites/dev-manager
[DEBUG 18:55:04] Project.load_git_info: is_git_repo = True
[DEBUG 18:55:04] Project.load_git_info: current_branch = master
[DEBUG 18:55:04] Git status found 0 staged, 14 modified, 2 untracked files
[DEBUG 18:55:04] Project.load_git_info: git_status = {'modified': ['__pycache__/app.cpython-311.pyc', '__pycache__/main.cpython-311.pyc', 'app.py', 'main.py', 'models/__pycache__/project.cpython-311.pyc', 'models/project.py', 'services/__pycache__/project_service.cpython-311.pyc', 'services/project_service.py', 'utils/__pycache__/debug.cpython-311.pyc', 'utils/debug.py', 'views/__pycache__/git_panel.cpython-311.pyc', 'views/__pycache__/project_panel.cpython-311.pyc', 'views/git_panel.py', 'views/project_panel.py'], 'staged': [], 'untracked': ['logs/', 'test_git.py']}
[DEBUG 18:55:04] Current project is Git repo: True
[DEBUG 18:55:04] Testing Git service in app initialization
[DEBUG 18:55:04] Creating UI
[DEBUG 18:55:04] Creating project panel
[DEBUG 18:55:04] Project dropdown styleSheet: 
[DEBUG 18:55:04] Creating docker panel
[DEBUG 18:55:04] UI creation complete
[DEBUG 18:55:04] Application initialized
[DEBUG 18:55:24] Starting application
[DEBUG 18:55:24] Valid Git repository found at: /Users/mikkopaalasmaa/Sites/dev-manager
[DEBUG 18:55:24] Current directory is Git repository: True
[DEBUG 18:55:24] Current branch: master
[DEBUG 18:55:24] Git status found 0 staged, 14 modified, 2 untracked files
[DEBUG 18:55:24] Git status: {'modified': ['__pycache__/app.cpython-311.pyc', '__pycache__/main.cpython-311.pyc', 'app.py', 'main.py', 'models/__pycache__/project.cpython-311.pyc', 'models/project.py', 'services/__pycache__/project_service.cpython-311.pyc', 'services/project_service.py', 'utils/__pycache__/debug.cpython-311.pyc', 'utils/debug.py', 'views/__pycache__/git_panel.cpython-311.pyc', 'views/__pycache__/project_panel.cpython-311.pyc', 'views/git_panel.py', 'views/project_panel.py'], 'staged': [], 'untracked': ['logs/', 'test_git.py']}
[DEBUG 18:55:24] Initializing services
[DEBUG 18:55:24] Added project from cache: project-one at /Users/mikkopaalasmaa/Sites/Two-projects/project-one
[DEBUG 18:55:24] Added project from cache: dev-manager at /Users/mikkopaalasmaa/Sites/dev-manager
[DEBUG 18:55:24] Added project from cache: template-2 at /Users/mikkopaalasmaa/Sites/AI-React-Templates/template-2
[DEBUG 18:55:24] Added project from cache: test-project at /Users/mikkopaalasmaa/Sites/test-project
[DEBUG 18:55:24] Added project from cache: test-project at /Users/mikkopaalasmaa/Sites/dev-support/dev-support/test-project
[DEBUG 18:55:24] Added project from cache: test-project at /Users/mikkopaalasmaa/Sites/dev-support02/test-project
[DEBUG 18:55:24] Loaded 6 projects from cache
[DEBUG 18:55:24] Current directory: /Users/mikkopaalasmaa/Sites/dev-manager
[DEBUG 18:55:24] Found current project in cache: dev-manager
[DEBUG 18:55:24] Project.load_git_info called for dev-manager at /Users/mikkopaalasmaa/Sites/dev-manager
[DEBUG 18:55:24] Valid Git repository found at: /Users/mikkopaalasmaa/Sites/dev-manager
[DEBUG 18:55:24] Project.load_git_info: is_git_repo = True
[DEBUG 18:55:24] Project.load_git_info: current_branch = master
[DEBUG 18:55:24] Git status found 0 staged, 14 modified, 2 untracked files
[DEBUG 18:55:24] Project.load_git_info: git_status = {'modified': ['__pycache__/app.cpython-311.pyc', '__pycache__/main.cpython-311.pyc', 'app.py', 'main.py', 'models/__pycache__/project.cpython-311.pyc', 'models/project.py', 'services/__pycache__/project_service.cpython-311.pyc', 'services/project_service.py', 'utils/__pycache__/debug.cpython-311.pyc', 'utils/debug.py', 'views/__pycache__/git_panel.cpython-311.pyc', 'views/__pycache__/project_panel.cpython-311.pyc', 'views/git_panel.py', 'views/project_panel.py'], 'staged': [], 'untracked': ['logs/', 'test_git.py']}
[DEBUG 18:55:24] Current project is Git repo: True
[DEBUG 18:55:24] Testing Git service in app initialization
[DEBUG 18:55:24] Creating UI
[DEBUG 18:55:24] Creating project panel
[DEBUG 18:55:24] Project dropdown styleSheet: 
[DEBUG 18:55:24] show_project_info called with index: 0
[DEBUG 18:55:24] Selected project: project-one at /Users/mikkopaalasmaa/Sites/Two-projects/project-one
[DEBUG 18:55:24] Loading project info for project-one
[DEBUG 18:55:24] Updating Git panel for project: project-one
[DEBUG 18:55:48] Starting application
[DEBUG 18:55:48] Valid Git repository found at: /Users/mikkopaalasmaa/Sites/dev-manager
[DEBUG 18:55:48] Current directory is Git repository: True
[DEBUG 18:55:48] Current branch: master
[DEBUG 18:55:48] Git status found 0 staged, 14 modified, 2 untracked files
[DEBUG 18:55:48] Git status: {'modified': ['__pycache__/app.cpython-311.pyc', '__pycache__/main.cpython-311.pyc', 'app.py', 'main.py', 'models/__pycache__/project.cpython-311.pyc', 'models/project.py', 'services/__pycache__/project_service.cpython-311.pyc', 'services/project_service.py', 'utils/__pycache__/debug.cpython-311.pyc', 'utils/debug.py', 'views/__pycache__/git_panel.cpython-311.pyc', 'views/__pycache__/project_panel.cpython-311.pyc', 'views/git_panel.py', 'views/project_panel.py'], 'staged': [], 'untracked': ['logs/', 'test_git.py']}
[DEBUG 18:55:48] Initializing services
[DEBUG 18:55:48] Added project from cache: project-one at /Users/mikkopaalasmaa/Sites/Two-projects/project-one
[DEBUG 18:55:48] Added project from cache: dev-manager at /Users/mikkopaalasmaa/Sites/dev-manager
[DEBUG 18:55:48] Added project from cache: template-2 at /Users/mikkopaalasmaa/Sites/AI-React-Templates/template-2
[DEBUG 18:55:48] Added project from cache: test-project at /Users/mikkopaalasmaa/Sites/test-project
[DEBUG 18:55:48] Added project from cache: test-project at /Users/mikkopaalasmaa/Sites/dev-support/dev-support/test-project
[DEBUG 18:55:48] Added project from cache: test-project at /Users/mikkopaalasmaa/Sites/dev-support02/test-project
[DEBUG 18:55:48] Loaded 6 projects from cache
[DEBUG 18:55:48] Current directory: /Users/mikkopaalasmaa/Sites/dev-manager
[DEBUG 18:55:48] Found current project in cache: dev-manager
[DEBUG 18:55:48] Project.load_git_info called for dev-manager at /Users/mikkopaalasmaa/Sites/dev-manager
[DEBUG 18:55:48] Valid Git repository found at: /Users/mikkopaalasmaa/Sites/dev-manager
[DEBUG 18:55:48] Project.load_git_info: is_git_repo = True
[DEBUG 18:55:48] Project.load_git_info: current_branch = master
[DEBUG 18:55:48] Git status found 0 staged, 14 modified, 2 untracked files
[DEBUG 18:55:48] Project.load_git_info: git_status = {'modified': ['__pycache__/app.cpython-311.pyc', '__pycache__/main.cpython-311.pyc', 'app.py', 'main.py', 'models/__pycache__/project.cpython-311.pyc', 'models/project.py', 'services/__pycache__/project_service.cpython-311.pyc', 'services/project_service.py', 'utils/__pycache__/debug.cpython-311.pyc', 'utils/debug.py', 'views/__pycache__/git_panel.cpython-311.pyc', 'views/__pycache__/project_panel.cpython-311.pyc', 'views/git_panel.py', 'views/project_panel.py'], 'staged': [], 'untracked': ['logs/', 'test_git.py']}
[DEBUG 18:55:48] Current project is Git repo: True
[DEBUG 18:55:48] Testing Git service in app initialization
[DEBUG 18:55:48] Creating UI
[DEBUG 18:55:48] Creating project panel
[DEBUG 18:55:48] Project dropdown styleSheet: 
[DEBUG 18:55:48] Current directory for project selection: /Users/mikkopaalasmaa/Sites/dev-manager
[DEBUG 18:55:48] Found current project at index 1: dev-manager
[DEBUG 18:55:48] show_project_info called with index: 1
[DEBUG 18:55:48] Selected project: dev-manager at /Users/mikkopaalasmaa/Sites/dev-manager
[DEBUG 18:55:48] Loading project info for dev-manager
[DEBUG 18:55:48] Updating Git panel for project: dev-manager
[DEBUG 18:56:38] show_project_info called with index: 1
[DEBUG 18:56:38] Selected project: dev-manager at /Users/mikkopaalasmaa/Sites/dev-manager
[DEBUG 18:56:38] Loading project info for dev-manager
[DEBUG 18:56:38] Updating Git panel for project: dev-manager
[DEBUG 18:56:38] GitPanel.update_for_project called for project: dev-manager
[DEBUG 18:56:38] Updating Git panel for project: dev-manager
[DEBUG 18:56:38] Project path: /Users/mikkopaalasmaa/Sites/dev-manager
[DEBUG 18:56:38] Project is_git_repo: True
[DEBUG 18:56:38] Enabling Git panel for project: dev-manager
[DEBUG 18:56:38] Git panel enabled and updated for dev-manager
[DEBUG 18:56:38] Project is_git_repo: True
[DEBUG 18:56:38] Modified files count: 16
[DEBUG 18:57:14] Project.refresh_git_status called for dev-manager at /Users/mikkopaalasmaa/Sites/dev-manager
[DEBUG 18:57:14] Project.refresh_git_status: current_branch = master
[DEBUG 18:57:14] Git status found 16 staged, 1 modified, 0 untracked files
[DEBUG 18:57:14] Project.refresh_git_status: git_status = {'modified': ['logs/debug.log'], 'staged': ['__pycache__/app.cpython-311.pyc', '__pycache__/main.cpython-311.pyc', 'app.py', 'logs/debug.log', 'main.py', 'models/__pycache__/project.cpython-311.pyc', 'models/project.py', 'services/__pycache__/project_service.cpython-311.pyc', 'services/project_service.py', 'test_git.py', 'utils/__pycache__/debug.cpython-311.pyc', 'utils/debug.py', 'views/__pycache__/git_panel.cpython-311.pyc', 'views/__pycache__/project_panel.cpython-311.pyc', 'views/git_panel.py', 'views/project_panel.py'], 'untracked': []}
[DEBUG 18:57:16] Project.refresh_git_status called for dev-manager at /Users/mikkopaalasmaa/Sites/dev-manager
[DEBUG 18:57:16] Project.refresh_git_status: current_branch = master
[DEBUG 18:57:16] Git status found 16 staged, 1 modified, 0 untracked files
[DEBUG 18:57:16] Project.refresh_git_status: git_status = {'modified': ['logs/debug.log'], 'staged': ['__pycache__/app.cpython-311.pyc', '__pycache__/main.cpython-311.pyc', 'app.py', 'logs/debug.log', 'main.py', 'models/__pycache__/project.cpython-311.pyc', 'models/project.py', 'services/__pycache__/project_service.cpython-311.pyc', 'services/project_service.py', 'test_git.py', 'utils/__pycache__/debug.cpython-311.pyc', 'utils/debug.py', 'views/__pycache__/git_panel.cpython-311.pyc', 'views/__pycache__/project_panel.cpython-311.pyc', 'views/git_panel.py', 'views/project_panel.py'], 'untracked': []}
[DEBUG 18:57:17] Project.refresh_git_status called for dev-manager at /Users/mikkopaalasmaa/Sites/dev-manager
[DEBUG 18:57:17] Project.refresh_git_status: current_branch = master
[DEBUG 18:57:17] Git status found 16 staged, 1 modified, 0 untracked files
[DEBUG 18:57:17] Project.refresh_git_status: git_status = {'modified': ['logs/debug.log'], 'staged': ['__pycache__/app.cpython-311.pyc', '__pycache__/main.cpython-311.pyc', 'app.py', 'logs/debug.log', 'main.py', 'models/__pycache__/project.cpython-311.pyc', 'models/project.py', 'services/__pycache__/project_service.cpython-311.pyc', 'services/project_service.py', 'test_git.py', 'utils/__pycache__/debug.cpython-311.pyc', 'utils/debug.py', 'views/__pycache__/git_panel.cpython-311.pyc', 'views/__pycache__/project_panel.cpython-311.pyc', 'views/git_panel.py', 'views/project_panel.py'], 'untracked': []}
[DEBUG 18:57:17] Project.refresh_git_status called for dev-manager at /Users/mikkopaalasmaa/Sites/dev-manager
[DEBUG 18:57:17] Project.refresh_git_status: current_branch = master
[DEBUG 18:57:17] Git status found 16 staged, 1 modified, 0 untracked files
[DEBUG 18:57:17] Project.refresh_git_status: git_status = {'modified': ['logs/debug.log'], 'staged': ['__pycache__/app.cpython-311.pyc', '__pycache__/main.cpython-311.pyc', 'app.py', 'logs/debug.log', 'main.py', 'models/__pycache__/project.cpython-311.pyc', 'models/project.py', 'services/__pycache__/project_service.cpython-311.pyc', 'services/project_service.py', 'test_git.py', 'utils/__pycache__/debug.cpython-311.pyc', 'utils/debug.py', 'views/__pycache__/git_panel.cpython-311.pyc', 'views/__pycache__/project_panel.cpython-311.pyc', 'views/git_panel.py', 'views/project_panel.py'], 'untracked': []}
